[Wed Jun 16 14:43:56 MDT 2021] :: select-wallpaper.sh :: Opening wallpaper selector (current: 'Variety is already running. Sending the command to the running instance.
/home/hactar/.config/variety/Downloaded/flickr_user_www_flickr_com_photos_peter_levi__user_id_93647178_N00_/7527963562_b3d3206940_o.jpg')
    /usr/lib/python2.7/dist-packages/requests/__init__.py:80: RequestsDependencyWarning: urllib3 (1.22) or chardet (2.1.1) doesn't match a supported version!
      RequestsDependencyWarning)
    Variety is already running. Sending the command to the running instance.

ABNORMAL SCRIPT TERMINATION
ERROR MSG: SIGINT
================================================================================
[Wed Jun 16 15:23:14 MDT 2021] :: select-wallpaper.sh :: /usr/share/backgrounds/El_Haouaria_by_Nusi_Nusi.jpg
ABNORMAL SCRIPT TERMINATION
ERROR MSG: SIGINT
================================================================================
[Wed Jun 16 15:26:06 MDT 2021] :: select-wallpaper.sh :: Opening wallpaper selector (current: '/usr/share/backgrounds/Spices_in_Athens_by_Makis_Chourdakis.jpg')
ABNORMAL SCRIPT TERMINATION
ERROR MSG: SIGINT
================================================================================
[Wed Jun 16 15:28:03 MDT 2021] :: select-wallpaper.sh :: Opening wallpaper selector (current: '/usr/share/backgrounds/Spices_in_Athens_by_Makis_Chourdakis.jpg')
    /usr/lib/python2.7/dist-packages/requests/__init__.py:80: RequestsDependencyWarning: urllib3 (1.22) or chardet (2.1.1) doesn't match a supported version!
      RequestsDependencyWarning)
    Variety is already running. Sending the command to the running instance.

[Wed Jun 16 15:30:59 MDT 2021] :: select-wallpaper.sh :: Opening wallpaper selector (current: '')
    /usr/lib/python2.7/dist-packages/requests/__init__.py:80: RequestsDependencyWarning: urllib3 (1.22) or chardet (2.1.1) doesn't match a supported version!
      RequestsDependencyWarning)
    Variety is already running. Sending the command to the running instance.

[Wed Jun 16 15:32:04 MDT 2021] :: select-wallpaper.sh :: Opening wallpaper selector (current: '')
    /dev/fd/63

[Wed Jun 16 15:33:07 MDT 2021] :: select-wallpaper.sh :: Opening wallpaper selector (current: '')
    Running command 'variety --selector':
    /dev/fd/63

[Wed Jun 16 15:34:49 MDT 2021] :: select-wallpaper.sh :: Opening wallpaper selector (current: '/home/hactar/.config/variety/Downloaded/Bing/th.jpg')
    Running command 'variety --selector':
    

[Wed Jun 16 15:41:49 MDT 2021] :: select-wallpaper.sh :: Opening wallpaper selector (current: '/usr/share/backgrounds/Crocus_Wallpaper_by_Roy_Tanck.jpg')

[Wed Jun 16 15:43:02 MDT 2021] :: select-wallpaper.sh :: Opening wallpaper selector (current: '/usr/share/backgrounds/Crocus_Wallpaper_by_Roy_Tanck.jpg')
    Running command 'variety --selector':
    /usr/lib/python2.7/dist-packages/requests/__init__.py:80: RequestsDependencyWarning: urllib3 (1.22) or chardet (2.1.1) doesn't match a supported version!
      RequestsDependencyWarning)
    Variety is already running. Sending the command to the running instance.

[Wed Jun 16 15:43:56 MDT 2021] :: select-wallpaper.sh :: Opening wallpaper selector (current: '/usr/share/backgrounds/Crocus_Wallpaper_by_Roy_Tanck.jpg')
    Running command 'variety --selector':
    /usr/lib/python2.7/dist-packages/requests/__init__.py:80: RequestsDependencyWarning: urllib3 (1.22) or chardet (2.1.1) doesn't match a supported version!
      RequestsDependencyWarning)
    Variety is already running. Sending the command to the running instance.

[Wed Jun 16 15:54:24 MDT 2021] :: select-wallpaper.sh :: Opening wallpaper selector (current: '/home/hactar/.config/variety/Downloaded/nasa_apod/Ganymede_JunoGill_2217.jpg')
    Running command 'variety --selector':
    /usr/lib/python2.7/dist-packages/requests/__init__.py:80: RequestsDependencyWarning: urllib3 (1.22) or chardet (2.1.1) doesn't match a supported version!
      RequestsDependencyWarning)
    Variety is already running. Sending the command to the running instance.

[Wed Jun 16 16:10:14 MDT 2021] :: select-wallpaper.sh :: Opening wallpaper selector (current: '/usr/share/backgrounds/luca-bravo-xnqVGsbXgV4-unsplash.jpg')
    Running command 'variety --selector':
    /usr/lib/python2.7/dist-packages/requests/__init__.py:80: RequestsDependencyWarning: urllib3 (1.22) or chardet (2.1.1) doesn't match a supported version!
      RequestsDependencyWarning)
    Variety is already running. Sending the command to the running instance.

[Wed Jun 16 16:12:32 MDT 2021] :: trash-wallpaper.sh :: Trashing wallpaper '/usr/share/backgrounds/luca-bravo-xnqVGsbXgV4-unsplash.jpg'
    Running command 'variety --trash':
    /usr/lib/python2.7/dist-packages/requests/__init__.py:80: RequestsDependencyWarning: urllib3 (1.22) or chardet (2.1.1) doesn't match a supported version!
      RequestsDependencyWarning)
    Variety is already running. Sending the command to the running instance.

[Wed Jun 16 16:25:05 MDT 2021] :: favorite-wallpaper.sh :: Adding wallpaper '/usr/share/backgrounds/themer-wallpaper-burst-light-2880x1800.png' to favorites
    Running command 'variety --favorite':
    /usr/lib/python2.7/dist-packages/requests/__init__.py:80: RequestsDependencyWarning: urllib3 (1.22) or chardet (2.1.1) doesn't match a supported version!
      RequestsDependencyWarning)
    Variety is already running. Sending the command to the running instance.

[Wed Jun 16 16:31:50 MDT 2021] :: favorite-wallpaper.sh :: Adding wallpaper '/usr/share/backgrounds/Crocus_Wallpaper_by_Roy_Tanck.jpg' to favorites
    Running command 'variety --favorite':
    /usr/lib/python2.7/dist-packages/requests/__init__.py:80: RequestsDependencyWarning: urllib3 (1.22) or chardet (2.1.1) doesn't match a supported version!
      RequestsDependencyWarning)
    Variety is already running. Sending the command to the running instance.

[Wed Jun 16 16:32:12 MDT 2021] :: select-wallpaper.sh :: Opening wallpaper selector (current: '/usr/share/backgrounds/Crocus_Wallpaper_by_Roy_Tanck.jpg')
    Running command 'variety --selector':
    /usr/lib/python2.7/dist-packages/requests/__init__.py:80: RequestsDependencyWarning: urllib3 (1.22) or chardet (2.1.1) doesn't match a supported version!
      RequestsDependencyWarning)
    Variety is already running. Sending the command to the running instance.

[Wed Jun 16 16:40:09 MDT 2021] :: favorite-wallpaper.sh :: Adding wallpaper '/usr/share/backgrounds/Spices_in_Athens_by_Makis_Chourdakis.jpg' to favorites
    Running command 'variety --favorite':
    /usr/lib/python2.7/dist-packages/requests/__init__.py:80: RequestsDependencyWarning: urllib3 (1.22) or chardet (2.1.1) doesn't match a supported version!
      RequestsDependencyWarning)
    Variety is already running. Sending the command to the running instance.

[Wed Jun 16 16:46:50 MDT 2021] :: trash-wallpaper.sh :: Trashing wallpaper '/usr/share/backgrounds/Wall_with_door_on_Gozo_by_Matthias_Niess.jpg'
    Running command 'variety --trash':
    /usr/lib/python2.7/dist-packages/requests/__init__.py:80: RequestsDependencyWarning: urllib3 (1.22) or chardet (2.1.1) doesn't match a supported version!
      RequestsDependencyWarning)
    Variety is already running. Sending the command to the running instance.

[Wed Jun 16 16:47:16 MDT 2021] :: trash-wallpaper.sh :: Trashing wallpaper '/usr/share/backgrounds/Wall_with_door_on_Gozo_by_Matthias_Niess.jpg'
    Running command 'variety --trash':
    /usr/lib/python2.7/dist-packages/requests/__init__.py:80: RequestsDependencyWarning: urllib3 (1.22) or chardet (2.1.1) doesn't match a supported version!
      RequestsDependencyWarning)
    Variety is already running. Sending the command to the running instance.

[Wed Jun 16 16:47:38 MDT 2021] :: select-wallpaper.sh :: Opening wallpaper selector (current: '/usr/share/backgrounds/Wall_with_door_on_Gozo_by_Matthias_Niess.jpg')
    Running command 'variety --selector':
    /usr/lib/python2.7/dist-packages/requests/__init__.py:80: RequestsDependencyWarning: urllib3 (1.22) or chardet (2.1.1) doesn't match a supported version!
      RequestsDependencyWarning)
    Variety is already running. Sending the command to the running instance.

[Wed Jun 16 16:47:47 MDT 2021] :: favorite-wallpaper.sh :: Adding wallpaper '/home/hactar/.config/variety/Downloaded/nasa_apod/ScorpiusEnhanced_Lenz_5000.jpg' to favorites
    Running command 'variety --favorite':
    /usr/lib/python2.7/dist-packages/requests/__init__.py:80: RequestsDependencyWarning: urllib3 (1.22) or chardet (2.1.1) doesn't match a supported version!
      RequestsDependencyWarning)
    Variety is already running. Sending the command to the running instance.

[Wed Jun 16 16:50:54 MDT 2021] :: trash-wallpaper.sh :: Trashing wallpaper '/home/hactar/.config/variety/Downloaded/nasa_apod/ScorpiusEnhanced_Lenz_5000.jpg'
[Wed Jun 16 16:50:54 MDT 2021] :: favorite-wallpaper.sh :: Adding wallpaper '/home/hactar/.config/variety/Downloaded/nasa_apod/ScorpiusEnhanced_Lenz_5000.jpg' to favorites
    Running command 'variety --trash':
    Running command 'variety --favorite':
    /usr/lib/python2.7/dist-packages/requests/__init__.py:80: RequestsDependencyWarning: urllib3 (1.22) or chardet (2.1.1) doesn't match a supported version!
      RequestsDependencyWarning)
    Variety is already running. Sending the command to the running instance.

    /usr/lib/python2.7/dist-packages/requests/__init__.py:80: RequestsDependencyWarning: urllib3 (1.22) or chardet (2.1.1) doesn't match a supported version!
      RequestsDependencyWarning)
    Variety is already running. Sending the command to the running instance.

[Wed Jun 16 16:51:23 MDT 2021] :: select-wallpaper.sh :: Opening wallpaper selector (current: '/usr/share/backgrounds/ESP_020528_1750_desktop.jpg')
    Running command 'variety --selector':
    /usr/lib/python2.7/dist-packages/requests/__init__.py:80: RequestsDependencyWarning: urllib3 (1.22) or chardet (2.1.1) doesn't match a supported version!
      RequestsDependencyWarning)
    Variety is already running. Sending the command to the running instance.

[Wed Jun 16 16:51:32 MDT 2021] :: favorite-wallpaper.sh :: Adding wallpaper '/usr/share/backgrounds/This_Is_Bionic_Beaver_by_Pierre_Cante.jpg' to favorites
    Running command 'variety --favorite':
    /usr/lib/python2.7/dist-packages/requests/__init__.py:80: RequestsDependencyWarning: urllib3 (1.22) or chardet (2.1.1) doesn't match a supported version!
      RequestsDependencyWarning)
    Variety is already running. Sending the command to the running instance.

[Wed Jun 16 16:55:09 MDT 2021] :: select-wallpaper.sh :: Opening wallpaper selector (current: '')
    Running command 'variety --selector':
    Unable to init server: Could not connect: Connection refused
    Unable to init server: Could not connect: Connection refused
    /usr/lib/python2.7/dist-packages/requests/__init__.py:80: RequestsDependencyWarning: urllib3 (1.22) or chardet (2.1.1) doesn't match a supported version!
      RequestsDependencyWarning)
    
    (variety:18772): Gtk-CRITICAL **: 16:55:09.965: gtk_clipboard_get_for_display: assertion 'display != NULL' failed
    Traceback (most recent call last):
      File "/usr/bin/variety", line 39, in <module>
        variety.main()
      File "/usr/lib/python2.7/dist-packages/variety/__init__.py", line 218, in main
        window.start(arguments)
      File "/usr/lib/python2.7/dist-packages/variety/VarietyWindow.py", line 159, in start
        self.register_clipboard()
      File "/usr/lib/python2.7/dist-packages/variety/VarietyWindow.py", line 341, in register_clipboard
        self.clipboard.connect("owner-change", clipboard_changed)
    AttributeError: 'NoneType' object has no attribute 'connect'

[Wed Jun 16 16:55:18 MDT 2021] :: select-wallpaper.sh :: Opening wallpaper selector (current: '/usr/share/backgrounds/This_Is_Bionic_Beaver_by_Pierre_Cante.jpg')
    Running command 'variety --selector':
[Wed Jun 16 16:55:18 MDT 2021] :: favorite-wallpaper.sh :: Adding wallpaper '/usr/share/backgrounds/This_Is_Bionic_Beaver_by_Pierre_Cante.jpg' to favorites
    Running command 'variety --favorite':
    /usr/lib/python2.7/dist-packages/requests/__init__.py:80: RequestsDependencyWarning: urllib3 (1.22) or chardet (2.1.1) doesn't match a supported version!
      RequestsDependencyWarning)
    Variety is already running. Sending the command to the running instance.

    /usr/lib/python2.7/dist-packages/requests/__init__.py:80: RequestsDependencyWarning: urllib3 (1.22) or chardet (2.1.1) doesn't match a supported version!
      RequestsDependencyWarning)
    Variety is already running. Sending the command to the running instance.

[Wed Jun 16 17:05:28 MDT 2021] :: favorite-wallpaper.sh :: variety --favorite
    Running command '-n':
    /home/hactar/.config/variety/scripts/variety-logger.sh: line 56: -n: command not found

[Wed Jun 16 17:07:15 MDT 2021] :: favorite-wallpaper.sh :: Adding wallpaper '/usr/share/backgrounds/Spices_in_Athens_by_Makis_Chourdakis.jpg' to favorites
    Running command 'variety --favorite':
    /usr/lib/python2.7/dist-packages/requests/__init__.py:80: RequestsDependencyWarning: urllib3 (1.22) or chardet (2.1.1) doesn't match a supported version!
      RequestsDependencyWarning)
    Variety is already running. Sending the command to the running instance.

[Wed Jun 16 17:16:03 MDT 2021] :: favorite-wallpaper.sh :: Adding wallpaper '' to favorites
    Running command 'variety --favorite':
    /usr/lib/python2.7/dist-packages/requests/__init__.py:80: RequestsDependencyWarning: urllib3 (1.22) or chardet (2.1.1) doesn't match a supported version!
      RequestsDependencyWarning)
    Variety is already running. Sending the command to the running instance.

[Wed Jun 16 17:18:17 MDT 2021] :: select-wallpaper.sh :: Opening wallpaper selector (current: '')
    Running command 'variety --selector':
    /usr/lib/python2.7/dist-packages/requests/__init__.py:80: RequestsDependencyWarning: urllib3 (1.22) or chardet (2.1.1) doesn't match a supported version!
      RequestsDependencyWarning)
    Variety is already running. Sending the command to the running instance.

[Wed Jun 16 17:21:07 MDT 2021] :: favorite-wallpaper.sh :: Adding wallpaper '/usr/share/backgrounds/regolith-matt-mcnulty-nyc-2nd-ave.jpg' to favorites
    Running command 'variety --favorite':
    /usr/lib/python2.7/dist-packages/requests/__init__.py:80: RequestsDependencyWarning: urllib3 (1.22) or chardet (2.1.1) doesn't match a supported version!
      RequestsDependencyWarning)
    Variety is already running. Sending the command to the running instance.

[Wed Jun 16 19:23:21 MDT 2021] :: trash-wallpaper.sh :: Trashing wallpaper '/usr/share/backgrounds/nord-dark.png'
    Running command 'variety --trash':
    /usr/lib/python2.7/dist-packages/requests/__init__.py:80: RequestsDependencyWarning: urllib3 (1.22) or chardet (2.1.1) doesn't match a supported version!
      RequestsDependencyWarning)
    Variety is already running. Sending the command to the running instance.

[Wed Jun 16 19:37:52 MDT 2021] :: favorite-wallpaper.sh :: Adding wallpaper '/usr/share/backgrounds/Raindrops_On_The_Table_by_Alex_Fazit.jpg' to favorites
    Running command 'variety --favorite':
    /usr/lib/python2.7/dist-packages/requests/__init__.py:80: RequestsDependencyWarning: urllib3 (1.22) or chardet (2.1.1) doesn't match a supported version!
      RequestsDependencyWarning)
    Variety is already running. Sending the command to the running instance.

[Thu Jun 17 13:47:31 MDT 2021] :: favorite-wallpaper.sh :: Adding wallpaper '/usr/share/backgrounds/Ross_Jones_Rockpool_(Sydney)_by_Chris_Carignan.jpg' to favorites
    Running command 'variety --favorite':
    /usr/lib/python2.7/dist-packages/requests/__init__.py:80: RequestsDependencyWarning: urllib3 (1.22) or chardet (2.1.1) doesn't match a supported version!
      RequestsDependencyWarning)
    Variety is already running. Sending the command to the running instance.

[Sun Jun 20 17:20:30 MDT 2021] :: favorite-wallpaper.sh :: Adding wallpaper '/home/hactar/.config/variety/Downloaded/nasa_apod/CenA_SofiaPlusB_2480.jpg' to favorites
    Running command 'variety --favorite':
    /usr/lib/python2.7/dist-packages/requests/__init__.py:80: RequestsDependencyWarning: urllib3 (1.22) or chardet (2.1.1) doesn't match a supported version!
      RequestsDependencyWarning)
    Variety is already running. Sending the command to the running instance.

[Sun Jun 20 17:23:17 MDT 2021] :: favorite-wallpaper.sh :: Adding wallpaper '/home/hactar/.config/variety/Downloaded/flickr_user_www_flickr_com_photos_peter_levi__user_id_93647178_N00_/7527947672_9642a0edc0_o.jpg' to favorites
    Running command 'variety --favorite':
    /usr/lib/python2.7/dist-packages/requests/__init__.py:80: RequestsDependencyWarning: urllib3 (1.22) or chardet (2.1.1) doesn't match a supported version!
      RequestsDependencyWarning)
    Variety is already running. Sending the command to the running instance.

[Sun Jun 20 21:41:20 MDT 2021] :: favorite-wallpaper.sh :: Adding wallpaper '/home/hactar/.config/variety/Downloaded/nasa_apod/PIA24023_fig1.jpg' to favorites
    Running command 'variety --favorite':
    /usr/lib/python2.7/dist-packages/requests/__init__.py:80: RequestsDependencyWarning: urllib3 (1.22) or chardet (2.1.1) doesn't match a supported version!
      RequestsDependencyWarning)
    Variety is already running. Sending the command to the running instance.

[Sat Jun 26 13:52:33 MDT 2021] :: select-wallpaper.sh :: Opening wallpaper selector (current: '/home/hactar/.config/variety/Downloaded/nasa_apod/IMG_3915.jpg')
    Running command 'variety --selector':
[Sat Jun 26 13:52:33 MDT 2021] :: favorite-wallpaper.sh :: Adding wallpaper '/home/hactar/.config/variety/Downloaded/nasa_apod/IMG_3915.jpg' to favorites
    Running command 'variety --favorite':
    /usr/lib/python2.7/dist-packages/requests/__init__.py:80: RequestsDependencyWarning: urllib3 (1.22) or chardet (2.1.1) doesn't match a supported version!
      RequestsDependencyWarning)
    Variety is already running. Sending the command to the running instance.

    /usr/lib/python2.7/dist-packages/requests/__init__.py:80: RequestsDependencyWarning: urllib3 (1.22) or chardet (2.1.1) doesn't match a supported version!
      RequestsDependencyWarning)
    Variety is already running. Sending the command to the running instance.

[Sun Jun 27 22:31:13 MDT 2021] :: favorite-wallpaper.sh :: Adding wallpaper '/home/hactar/.config/variety/Downloaded/nasa_apod/neonsaturnaurora_cassini_2560.jpg' to favorites
    Running command 'variety --favorite':
    /usr/lib/python2.7/dist-packages/requests/__init__.py:80: RequestsDependencyWarning: urllib3 (1.22) or chardet (2.1.1) doesn't match a supported version!
      RequestsDependencyWarning)
    Variety is already running. Sending the command to the running instance.

[Mon Jun 28 13:39:13 MDT 2021] :: favorite-wallpaper.sh :: Adding wallpaper '/home/hactar/.config/variety/Downloaded/nasa_apod/QuadrantidsOrion_Horalek_1500.jpg' to favorites
    Running command 'variety --favorite':
    /usr/lib/python2.7/dist-packages/requests/__init__.py:80: RequestsDependencyWarning: urllib3 (1.22) or chardet (2.1.1) doesn't match a supported version!
      RequestsDependencyWarning)
    Variety is already running. Sending the command to the running instance.

[Mon Jun 28 15:44:50 MDT 2021] :: favorite-wallpaper.sh :: Adding wallpaper '/home/hactar/.config/variety/Downloaded/flickr_user_www_flickr_com_photos_peter_levi__user_id_93647178_N00_/7527939968_d0b91651a8_o.jpg' to favorites
    Running command 'variety --favorite':
    /usr/lib/python2.7/dist-packages/requests/__init__.py:80: RequestsDependencyWarning: urllib3 (1.22) or chardet (2.1.1) doesn't match a supported version!
      RequestsDependencyWarning)
    Variety is already running. Sending the command to the running instance.

[Mon Jun 28 16:02:19 MDT 2021] :: favorite-wallpaper.sh :: Adding wallpaper '/usr/share/backgrounds/themer-wallpaper-burst-light-2880x1800.png' to favorites
    Running command 'variety --favorite':
    /usr/lib/python2.7/dist-packages/requests/__init__.py:80: RequestsDependencyWarning: urllib3 (1.22) or chardet (2.1.1) doesn't match a supported version!
      RequestsDependencyWarning)
    Variety is already running. Sending the command to the running instance.

[Mon Jun 28 21:17:08 MDT 2021] :: favorite-wallpaper.sh :: Adding wallpaper '/home/hactar/.config/variety/Downloaded/nasa_apod/HumanSpaceship2_TsevisHubbleRJN_2000.jpg' to favorites
    Running command 'variety --favorite':
    /usr/lib/python2.7/dist-packages/requests/__init__.py:80: RequestsDependencyWarning: urllib3 (1.22) or chardet (2.1.1) doesn't match a supported version!
      RequestsDependencyWarning)
    Variety is already running. Sending the command to the running instance.

[Mon Jun 28 23:17:12 MDT 2021] :: trash-wallpaper.sh :: Trashing wallpaper '/usr/share/backgrounds/luca-bravo-xnqVGsbXgV4-unsplash.jpg'
    Running command 'variety --trash':
    /usr/lib/python2.7/dist-packages/requests/__init__.py:80: RequestsDependencyWarning: urllib3 (1.22) or chardet (2.1.1) doesn't match a supported version!
      RequestsDependencyWarning)
    Variety is already running. Sending the command to the running instance.

[Tue Jun 29 14:13:04 MDT 2021] :: favorite-wallpaper.sh :: Adding wallpaper '/home/hactar/.config/variety/Downloaded/nasa_apod/NovaCasAndFriends_Ayoub_2230.jpg' to favorites
    Running command 'variety --favorite':
    /usr/lib/python2.7/dist-packages/requests/__init__.py:80: RequestsDependencyWarning: urllib3 (1.22) or chardet (2.1.1) doesn't match a supported version!
      RequestsDependencyWarning)
    Variety is already running. Sending the command to the running instance.

[Wed Jun 30 00:34:58 MDT 2021] :: favorite-wallpaper.sh :: Adding wallpaper '/home/hactar/.config/variety/Downloaded/flickr_user_www_flickr_com_photos_peter_levi__user_id_93647178_N00_/7527961388_207d65eefc_o.jpg' to favorites
    Running command 'variety --favorite':
    /usr/lib/python2.7/dist-packages/requests/__init__.py:80: RequestsDependencyWarning: urllib3 (1.22) or chardet (2.1.1) doesn't match a supported version!
      RequestsDependencyWarning)
    Variety is already running. Sending the command to the running instance.

[Thu Jul  1 01:32:39 MDT 2021] :: favorite-wallpaper.sh :: Adding wallpaper '/home/hactar/.config/variety/Downloaded/flickr_user_www_flickr_com_photos_peter_levi__user_id_93647178_N00_/7527887842_97ec2348d5_o.jpg' to favorites
    Running command 'variety --favorite':
    /usr/lib/python2.7/dist-packages/requests/__init__.py:80: RequestsDependencyWarning: urllib3 (1.22) or chardet (2.1.1) doesn't match a supported version!
      RequestsDependencyWarning)
    Variety is already running. Sending the command to the running instance.

[Thu Jul  1 22:40:06 MDT 2021] :: favorite-wallpaper.sh :: Adding wallpaper '/home/hactar/.config/variety/Downloaded/nasa_apod/M106-NOAO-HST-L.jpg' to favorites
    Running command 'variety --favorite':
    /usr/lib/python2.7/dist-packages/requests/__init__.py:80: RequestsDependencyWarning: urllib3 (1.22) or chardet (2.1.1) doesn't match a supported version!
      RequestsDependencyWarning)
    Variety is already running. Sending the command to the running instance.

[Fri Jul  2 12:23:33 MDT 2021] :: favorite-wallpaper.sh :: Adding wallpaper '/home/hactar/.config/variety/Downloaded/flickr_user_www_flickr_com_photos_peter_levi__user_id_93647178_N00_/7527885694_edd352158c_o.jpg' to favorites
    Running command 'variety --favorite':
    /usr/lib/python2.7/dist-packages/requests/__init__.py:80: RequestsDependencyWarning: urllib3 (1.22) or chardet (2.1.1) doesn't match a supported version!
      RequestsDependencyWarning)
    Variety is already running. Sending the command to the running instance.

[Fri Jul  2 21:41:00 MDT 2021] :: favorite-wallpaper.sh :: Adding wallpaper '/home/hactar/.config/variety/Downloaded/flickr_user_www_flickr_com_photos_peter_levi__user_id_93647178_N00_/7527967878_85fea93129_o.jpg' to favorites
    Running command 'variety --favorite':
    /usr/lib/python2.7/dist-packages/requests/__init__.py:80: RequestsDependencyWarning: urllib3 (1.22) or chardet (2.1.1) doesn't match a supported version!
      RequestsDependencyWarning)
    Variety is already running. Sending the command to the running instance.

[Fri Jul  2 21:46:50 MDT 2021] :: favorite-wallpaper.sh :: Adding wallpaper '/home/hactar/.config/variety/Downloaded/nasa_apod/DoubleEclipse_Legault_1920.jpg' to favorites
    Running command 'variety --favorite':
    /usr/lib/python2.7/dist-packages/requests/__init__.py:80: RequestsDependencyWarning: urllib3 (1.22) or chardet (2.1.1) doesn't match a supported version!
      RequestsDependencyWarning)
    Variety is already running. Sending the command to the running instance.

[Fri Jul  2 21:47:50 MDT 2021] :: favorite-wallpaper.sh :: Adding wallpaper '/home/hactar/.config/variety/Downloaded/nasa_apod/DoubleEclipse_Legault_1920.jpg' to favorites
    Running command 'variety --favorite':
    /usr/lib/python2.7/dist-packages/requests/__init__.py:80: RequestsDependencyWarning: urllib3 (1.22) or chardet (2.1.1) doesn't match a supported version!
      RequestsDependencyWarning)
    Variety is already running. Sending the command to the running instance.

[Fri Jul  2 22:24:21 MDT 2021] :: favorite-wallpaper.sh :: Adding wallpaper '/home/hactar/.config/variety/Downloaded/nasa_apod/HumanSpaceship2_TsevisHubbleRJN_2000.jpg' to favorites
    Running command 'variety --favorite':
    /usr/lib/python2.7/dist-packages/requests/__init__.py:80: RequestsDependencyWarning: urllib3 (1.22) or chardet (2.1.1) doesn't match a supported version!
      RequestsDependencyWarning)
    Variety is already running. Sending the command to the running instance.

[Sat Jul  3 16:51:17 MDT 2021] :: favorite-wallpaper.sh :: Adding wallpaper '/home/hactar/.config/variety/Downloaded/nasa_apod/M31_Abolfath_3000.jpg' to favorites
    Running command 'variety --favorite':
    /usr/lib/python2.7/dist-packages/requests/__init__.py:80: RequestsDependencyWarning: urllib3 (1.22) or chardet (2.1.1) doesn't match a supported version!
      RequestsDependencyWarning)
    Variety is already running. Sending the command to the running instance.

[Sat Jul  3 16:54:05 MDT 2021] :: favorite-wallpaper.sh :: Adding wallpaper '/home/hactar/.config/variety/Downloaded/flickr_user_www_flickr_com_photos_peter_levi__user_id_93647178_N00_/7527880212_6160c0dfdf_o.jpg' to favorites
    Running command 'variety --favorite':
    /usr/lib/python2.7/dist-packages/requests/__init__.py:80: RequestsDependencyWarning: urllib3 (1.22) or chardet (2.1.1) doesn't match a supported version!
      RequestsDependencyWarning)
    Variety is already running. Sending the command to the running instance.

[Sat Jul  3 20:46:41 MDT 2021] :: favorite-wallpaper.sh :: Adding wallpaper '/home/hactar/.config/variety/Downloaded/flickr_user_www_flickr_com_photos_peter_levi__user_id_93647178_N00_/7527883686_cc7131bf37_o.jpg' to favorites
    Running command 'variety --favorite':
    /usr/lib/python2.7/dist-packages/requests/__init__.py:80: RequestsDependencyWarning: urllib3 (1.22) or chardet (2.1.1) doesn't match a supported version!
      RequestsDependencyWarning)
    Variety is already running. Sending the command to the running instance.

[Sat Jul  3 20:46:47 MDT 2021] :: favorite-wallpaper.sh :: Adding wallpaper '/home/hactar/.config/variety/Downloaded/flickr_user_www_flickr_com_photos_peter_levi__user_id_93647178_N00_/7527883686_cc7131bf37_o.jpg' to favorites
    Running command 'variety --favorite':
    /usr/lib/python2.7/dist-packages/requests/__init__.py:80: RequestsDependencyWarning: urllib3 (1.22) or chardet (2.1.1) doesn't match a supported version!
      RequestsDependencyWarning)
    Variety is already running. Sending the command to the running instance.

[Mon Jul  5 12:50:21 MDT 2021] :: favorite-wallpaper.sh :: Adding wallpaper '/home/hactar/.config/variety/Downloaded/nasa_apod/Walk_Milkyway.jpg' to favorites
    Running command 'variety --favorite':
    /usr/lib/python2.7/dist-packages/requests/__init__.py:80: RequestsDependencyWarning: urllib3 (1.22) or chardet (2.1.1) doesn't match a supported version!
      RequestsDependencyWarning)
    Variety is already running. Sending the command to the running instance.

[Mon Jul  5 23:56:28 MDT 2021] :: trash-wallpaper.sh :: Trashing wallpaper '/home/hactar/.config/variety/Downloaded/flickr_user_www_flickr_com_photos_peter_levi__user_id_93647178_N00_/7527946418_2a60508dff_o.jpg'
[Mon Jul  5 23:56:28 MDT 2021] :: favorite-wallpaper.sh :: Adding wallpaper '/home/hactar/.config/variety/Downloaded/flickr_user_www_flickr_com_photos_peter_levi__user_id_93647178_N00_/7527946418_2a60508dff_o.jpg' to favorites
    Running command 'variety --trash':
    Running command 'variety --favorite':
    /usr/lib/python2.7/dist-packages/requests/__init__.py:80: RequestsDependencyWarning: urllib3 (1.22) or chardet (2.1.1) doesn't match a supported version!
      RequestsDependencyWarning)
    Variety is already running. Sending the command to the running instance.

    /usr/lib/python2.7/dist-packages/requests/__init__.py:80: RequestsDependencyWarning: urllib3 (1.22) or chardet (2.1.1) doesn't match a supported version!
      RequestsDependencyWarning)
    Variety is already running. Sending the command to the running instance.

[Mon Jul  5 23:56:34 MDT 2021] :: favorite-wallpaper.sh :: Adding wallpaper '/home/hactar/.config/variety/Downloaded/flickr_user_www_flickr_com_photos_peter_levi__user_id_93647178_N00_/7527791418_608746f18c_o.jpg' to favorites
    Running command 'variety --favorite':
    /usr/lib/python2.7/dist-packages/requests/__init__.py:80: RequestsDependencyWarning: urllib3 (1.22) or chardet (2.1.1) doesn't match a supported version!
      RequestsDependencyWarning)
    Variety is already running. Sending the command to the running instance.

[Mon Jul  5 23:56:59 MDT 2021] :: favorite-wallpaper.sh :: Adding wallpaper '/home/hactar/.config/variety/Downloaded/flickr_user_www_flickr_com_photos_peter_levi__user_id_93647178_N00_/7527791418_608746f18c_o.jpg' to favorites
    Running command 'variety --favorite':
    /usr/lib/python2.7/dist-packages/requests/__init__.py:80: RequestsDependencyWarning: urllib3 (1.22) or chardet (2.1.1) doesn't match a supported version!
      RequestsDependencyWarning)
    Variety is already running. Sending the command to the running instance.

[Tue Jul  6 00:06:00 MDT 2021] :: favorite-wallpaper.sh :: Adding wallpaper '/home/hactar/.config/variety/Favorites/IMG_3915.jpg' to favorites
    Running command 'variety --favorite':
    /usr/lib/python2.7/dist-packages/requests/__init__.py:80: RequestsDependencyWarning: urllib3 (1.22) or chardet (2.1.1) doesn't match a supported version!
      RequestsDependencyWarning)
    Variety is already running. Sending the command to the running instance.

[Wed Jul  7 19:33:31 MDT 2021] :: favorite-wallpaper.sh :: Adding wallpaper '/home/hactar/.config/variety/Favorites/7527885694_edd352158c_o.jpg' to favorites
    Running command 'variety --favorite':
    /usr/lib/python2.7/dist-packages/requests/__init__.py:80: RequestsDependencyWarning: urllib3 (1.22) or chardet (2.1.1) doesn't match a supported version!
      RequestsDependencyWarning)
    Variety is already running. Sending the command to the running instance.

[Sun Jul 11 16:07:40 MDT 2021] :: select-wallpaper.sh :: Opening wallpaper selector (current: '/home/hactar/.config/variety/Downloaded/nasa_apod/LightningVolcano_Montufar_1440.jpg')
[Sun Jul 11 16:07:40 MDT 2021] :: favorite-wallpaper.sh :: Adding wallpaper '/home/hactar/.config/variety/Downloaded/nasa_apod/LightningVolcano_Montufar_1440.jpg' to favorites
    Running command 'variety --selector':
    Running command 'variety --favorite':
    /usr/lib/python2.7/dist-packages/requests/__init__.py:80: RequestsDependencyWarning: urllib3 (1.22) or chardet (2.1.1) doesn't match a supported version!
      RequestsDependencyWarning)
    Variety is already running. Sending the command to the running instance.

    /usr/lib/python2.7/dist-packages/requests/__init__.py:80: RequestsDependencyWarning: urllib3 (1.22) or chardet (2.1.1) doesn't match a supported version!
      RequestsDependencyWarning)
    Variety is already running. Sending the command to the running instance.

[Sun Jul 11 16:07:41 MDT 2021] :: favorite-wallpaper.sh :: Adding wallpaper '/home/hactar/.config/variety/Downloaded/nasa_apod/LightningVolcano_Montufar_1440.jpg' to favorites
    Running command 'variety --favorite':
    /usr/lib/python2.7/dist-packages/requests/__init__.py:80: RequestsDependencyWarning: urllib3 (1.22) or chardet (2.1.1) doesn't match a supported version!
      RequestsDependencyWarning)
    Variety is already running. Sending the command to the running instance.

[Sun Jul 11 16:07:46 MDT 2021] :: favorite-wallpaper.sh :: Adding wallpaper '/home/hactar/.config/variety/Downloaded/nasa_apod/LightningVolcano_Montufar_1440.jpg' to favorites
    Running command 'variety --favorite':
    /usr/lib/python2.7/dist-packages/requests/__init__.py:80: RequestsDependencyWarning: urllib3 (1.22) or chardet (2.1.1) doesn't match a supported version!
      RequestsDependencyWarning)
    Variety is already running. Sending the command to the running instance.

[Sun Jul 11 18:05:34 MDT 2021] :: favorite-wallpaper.sh :: Adding wallpaper '/home/hactar/.config/variety/Downloaded/nasa_apod/SaturnAndMoons_Ranjbaran_2692.jpg' to favorites
    Running command 'variety --favorite':
    /usr/lib/python2.7/dist-packages/requests/__init__.py:80: RequestsDependencyWarning: urllib3 (1.22) or chardet (2.1.1) doesn't match a supported version!
      RequestsDependencyWarning)
    Variety is already running. Sending the command to the running instance.

[Mon Jul 12 15:18:18 MDT 2021] :: favorite-wallpaper.sh :: Adding wallpaper '/home/hactar/.config/variety/Downloaded/nasa_apod/saturnplane_cassini_1004.jpg' to favorites
    Running command 'variety --favorite':
    /usr/lib/python2.7/dist-packages/requests/__init__.py:80: RequestsDependencyWarning: urllib3 (1.22) or chardet (2.1.1) doesn't match a supported version!
      RequestsDependencyWarning)
    Variety is already running. Sending the command to the running instance.

[Tue Jul 13 15:15:39 MDT 2021] :: favorite-wallpaper.sh :: Adding wallpaper '/home/hactar/.config/variety/Downloaded/flickr_user_www_flickr_com_photos_peter_levi__user_id_93647178_N00_/7527829258_631f4e73ec_o.jpg' to favorites
    Running command 'variety --favorite':
[Tue Jul 13 15:15:39 MDT 2021] :: favorite-wallpaper.sh :: Adding wallpaper '/home/hactar/.config/variety/Downloaded/flickr_user_www_flickr_com_photos_peter_levi__user_id_93647178_N00_/7527829258_631f4e73ec_o.jpg' to favorites
    Running command 'variety --favorite':
    /usr/lib/python2.7/dist-packages/requests/__init__.py:80: RequestsDependencyWarning: urllib3 (1.22) or chardet (2.1.1) doesn't match a supported version!
      RequestsDependencyWarning)
    Variety is already running. Sending the command to the running instance.

    /usr/lib/python2.7/dist-packages/requests/__init__.py:80: RequestsDependencyWarning: urllib3 (1.22) or chardet (2.1.1) doesn't match a supported version!
      RequestsDependencyWarning)
    Variety is already running. Sending the command to the running instance.

[Tue Jul 13 15:15:40 MDT 2021] :: favorite-wallpaper.sh :: Adding wallpaper '/home/hactar/.config/variety/Downloaded/flickr_user_www_flickr_com_photos_peter_levi__user_id_93647178_N00_/7527829258_631f4e73ec_o.jpg' to favorites
    Running command 'variety --favorite':
    /usr/lib/python2.7/dist-packages/requests/__init__.py:80: RequestsDependencyWarning: urllib3 (1.22) or chardet (2.1.1) doesn't match a supported version!
      RequestsDependencyWarning)
    Variety is already running. Sending the command to the running instance.

[Tue Jul 13 15:16:10 MDT 2021] :: favorite-wallpaper.sh :: Adding wallpaper '/home/hactar/.config/variety/Downloaded/flickr_user_www_flickr_com_photos_peter_levi__user_id_93647178_N00_/7527939300_a331fe7166_o.jpg' to favorites
    Running command 'variety --favorite':
    /usr/lib/python2.7/dist-packages/requests/__init__.py:80: RequestsDependencyWarning: urllib3 (1.22) or chardet (2.1.1) doesn't match a supported version!
      RequestsDependencyWarning)
    Variety is already running. Sending the command to the running instance.

[Tue Jul 13 20:32:20 MDT 2021] :: favorite-wallpaper.sh :: Adding wallpaper '/home/hactar/.config/variety/Downloaded/nasa_apod/Medulla_Croman_1200.jpg' to favorites
    Running command 'variety --favorite':
    /usr/lib/python2.7/dist-packages/requests/__init__.py:80: RequestsDependencyWarning: urllib3 (1.22) or chardet (2.1.1) doesn't match a supported version!
      RequestsDependencyWarning)
    Variety is already running. Sending the command to the running instance.

[Tue Jul 13 20:32:22 MDT 2021] :: favorite-wallpaper.sh :: Adding wallpaper '/home/hactar/.config/variety/Downloaded/nasa_apod/Medulla_Croman_1200.jpg' to favorites
    Running command 'variety --favorite':
    /usr/lib/python2.7/dist-packages/requests/__init__.py:80: RequestsDependencyWarning: urllib3 (1.22) or chardet (2.1.1) doesn't match a supported version!
      RequestsDependencyWarning)
    Variety is already running. Sending the command to the running instance.

[Thu Jul 15 02:14:12 MDT 2021] :: favorite-wallpaper.sh :: Adding wallpaper '/home/hactar/.config/variety/Downloaded/flickr_user_www_flickr_com_photos_peter_levi__user_id_93647178_N00_/7527826976_54df43ce4f_o.jpg' to favorites
    Running command 'variety --favorite':
    /usr/lib/python2.7/dist-packages/requests/__init__.py:80: RequestsDependencyWarning: urllib3 (1.22) or chardet (2.1.1) doesn't match a supported version!
      RequestsDependencyWarning)
    Variety is already running. Sending the command to the running instance.

[Thu Jul 15 11:49:23 MDT 2021] :: favorite-wallpaper.sh :: Adding wallpaper '/home/hactar/.config/variety/Downloaded/flickr_user_www_flickr_com_photos_peter_levi__user_id_93647178_N00_/7527791114_5a1cb36d20_o.jpg' to favorites
    Running command 'variety --favorite':
    /usr/lib/python2.7/dist-packages/requests/__init__.py:80: RequestsDependencyWarning: urllib3 (1.22) or chardet (2.1.1) doesn't match a supported version!
      RequestsDependencyWarning)
    Variety is already running. Sending the command to the running instance.

[Thu Jul 15 17:55:40 MDT 2021] :: trash-wallpaper.sh :: Trashing wallpaper ''
    Running command 'variety --trash':
    Unable to init server: Could not connect: Connection refused
    Unable to init server: Could not connect: Connection refused
    /usr/lib/python2.7/dist-packages/requests/__init__.py:80: RequestsDependencyWarning: urllib3 (1.22) or chardet (2.1.1) doesn't match a supported version!
      RequestsDependencyWarning)
    
    (variety:17702): Gtk-CRITICAL **: 17:55:41.366: gtk_clipboard_get_for_display: assertion 'display != NULL' failed
    Traceback (most recent call last):
      File "/usr/bin/variety", line 39, in <module>
        variety.main()
      File "/usr/lib/python2.7/dist-packages/variety/__init__.py", line 218, in main
        window.start(arguments)
      File "/usr/lib/python2.7/dist-packages/variety/VarietyWindow.py", line 159, in start
        self.register_clipboard()
      File "/usr/lib/python2.7/dist-packages/variety/VarietyWindow.py", line 341, in register_clipboard
        self.clipboard.connect("owner-change", clipboard_changed)
    AttributeError: 'NoneType' object has no attribute 'connect'

[Thu Jul 15 19:06:53 MDT 2021] :: trash-wallpaper.sh :: Trashing wallpaper '/home/hactar/.config/variety/Favorites/This_Is_Bionic_Beaver_by_Pierre_Cante.jpg'
[Thu Jul 15 19:06:53 MDT 2021] :: select-wallpaper.sh :: Opening wallpaper selector (current: '/home/hactar/.config/variety/Favorites/This_Is_Bionic_Beaver_by_Pierre_Cante.jpg')
    Running command 'variety --trash':
    Running command 'variety --selector':
    /usr/lib/python2.7/dist-packages/requests/__init__.py:80: RequestsDependencyWarning: urllib3 (1.22) or chardet (2.1.1) doesn't match a supported version!
      RequestsDependencyWarning)
    Variety is already running. Sending the command to the running instance.

    /usr/lib/python2.7/dist-packages/requests/__init__.py:80: RequestsDependencyWarning: urllib3 (1.22) or chardet (2.1.1) doesn't match a supported version!
      RequestsDependencyWarning)
    Variety is already running. Sending the command to the running instance.

[Thu Jul 15 22:35:37 MDT 2021] :: favorite-wallpaper.sh :: Adding wallpaper '/home/hactar/.config/variety/Downloaded/nasa_apod/JupiterShadow_JunoGill_3535.jpg' to favorites
    Running command 'variety --favorite':
    /usr/lib/python2.7/dist-packages/requests/__init__.py:80: RequestsDependencyWarning: urllib3 (1.22) or chardet (2.1.1) doesn't match a supported version!
      RequestsDependencyWarning)
    Variety is already running. Sending the command to the running instance.

[Thu Jul 15 23:35:40 MDT 2021] :: favorite-wallpaper.sh :: Adding wallpaper '/home/hactar/.config/variety/Downloaded/nasa_apod/MeteorStreak_Kuszaj_5341.jpg' to favorites
    Running command 'variety --favorite':
    /usr/lib/python2.7/dist-packages/requests/__init__.py:80: RequestsDependencyWarning: urllib3 (1.22) or chardet (2.1.1) doesn't match a supported version!
      RequestsDependencyWarning)
    Variety is already running. Sending the command to the running instance.

[Fri Jul 16 10:12:36 MDT 2021] :: favorite-wallpaper.sh :: Adding wallpaper '/home/hactar/.config/variety/Downloaded/nasa_apod/demo-2_crewedlaunchIR.jpg' to favorites
    Running command 'variety --favorite':
    /usr/lib/python2.7/dist-packages/requests/__init__.py:80: RequestsDependencyWarning: urllib3 (1.22) or chardet (2.1.1) doesn't match a supported version!
      RequestsDependencyWarning)
    Variety is already running. Sending the command to the running instance.

[Fri Jul 16 21:25:30 MDT 2021] :: favorite-wallpaper.sh :: Adding wallpaper '' to favorites
    Running command 'variety --favorite':
    Unable to init server: Could not connect: Connection refused
    Unable to init server: Could not connect: Connection refused
    /usr/lib/python2.7/dist-packages/requests/__init__.py:80: RequestsDependencyWarning: urllib3 (1.22) or chardet (2.1.1) doesn't match a supported version!
      RequestsDependencyWarning)
    
    (variety:5811): Gtk-CRITICAL **: 21:25:31.082: gtk_clipboard_get_for_display: assertion 'display != NULL' failed
    Traceback (most recent call last):
      File "/usr/bin/variety", line 39, in <module>
        variety.main()
      File "/usr/lib/python2.7/dist-packages/variety/__init__.py", line 218, in main
        window.start(arguments)
      File "/usr/lib/python2.7/dist-packages/variety/VarietyWindow.py", line 159, in start
        self.register_clipboard()
      File "/usr/lib/python2.7/dist-packages/variety/VarietyWindow.py", line 341, in register_clipboard
        self.clipboard.connect("owner-change", clipboard_changed)
    AttributeError: 'NoneType' object has no attribute 'connect'

[Sat Jul 17 11:03:07 MDT 2021] :: trash-wallpaper.sh :: Trashing wallpaper '/home/hactar/.config/variety/Downloaded/flickr_user_www_flickr_com_photos_peter_levi__user_id_93647178_N00_/7527885988_9a480cb101_o.jpg'
[Sat Jul 17 11:03:07 MDT 2021] :: favorite-wallpaper.sh :: Adding wallpaper '/home/hactar/.config/variety/Downloaded/flickr_user_www_flickr_com_photos_peter_levi__user_id_93647178_N00_/7527885988_9a480cb101_o.jpg' to favorites
    Running command 'variety --trash':
    Running command 'variety --favorite':
    /usr/lib/python2.7/dist-packages/requests/__init__.py:80: RequestsDependencyWarning: urllib3 (1.22) or chardet (2.1.1) doesn't match a supported version!
      RequestsDependencyWarning)
    Variety is already running. Sending the command to the running instance.

    /usr/lib/python2.7/dist-packages/requests/__init__.py:80: RequestsDependencyWarning: urllib3 (1.22) or chardet (2.1.1) doesn't match a supported version!
      RequestsDependencyWarning)
    Variety is already running. Sending the command to the running instance.

[Tue Jul 20 09:33:47 MDT 2021] :: select-wallpaper.sh :: Opening wallpaper selector (current: '/home/hactar/.config/variety/Downloaded/flickr_user_www_flickr_com_photos_peter_levi__user_id_93647178_N00_/7527891322_0860e90255_o.jpg')
[Tue Jul 20 09:33:47 MDT 2021] :: trash-wallpaper.sh :: Trashing wallpaper '/home/hactar/.config/variety/Downloaded/flickr_user_www_flickr_com_photos_peter_levi__user_id_93647178_N00_/7527891322_0860e90255_o.jpg'
    Running command 'variety --trash':
    Running command 'variety --selector':
    /usr/lib/python2.7/dist-packages/requests/__init__.py:80: RequestsDependencyWarning: urllib3 (1.22) or chardet (2.1.1) doesn't match a supported version!
      RequestsDependencyWarning)
    Variety is already running. Sending the command to the running instance.

    /usr/lib/python2.7/dist-packages/requests/__init__.py:80: RequestsDependencyWarning: urllib3 (1.22) or chardet (2.1.1) doesn't match a supported version!
      RequestsDependencyWarning)
    Variety is already running. Sending the command to the running instance.

[Tue Jul 20 10:34:50 MDT 2021] :: favorite-wallpaper.sh :: Adding wallpaper '/home/hactar/.config/variety/Downloaded/nasa_apod/NGC1055_MP.jpg' to favorites
    Running command 'variety --favorite':
    /usr/lib/python2.7/dist-packages/requests/__init__.py:80: RequestsDependencyWarning: urllib3 (1.22) or chardet (2.1.1) doesn't match a supported version!
      RequestsDependencyWarning)
    Variety is already running. Sending the command to the running instance.

[Fri Jul 23 00:52:29 MDT 2021] :: favorite-wallpaper.sh :: Adding wallpaper '' to favorites
    Running command 'variety --favorite':
    Unable to init server: Could not connect: Connection refused
    Unable to init server: Could not connect: Connection refused
    /usr/lib/python2.7/dist-packages/requests/__init__.py:80: RequestsDependencyWarning: urllib3 (1.22) or chardet (2.1.1) doesn't match a supported version!
      RequestsDependencyWarning)
    
    (variety:20937): Gtk-CRITICAL **: 00:52:30.591: gtk_clipboard_get_for_display: assertion 'display != NULL' failed
    Traceback (most recent call last):
      File "/usr/bin/variety", line 39, in <module>
        variety.main()
      File "/usr/lib/python2.7/dist-packages/variety/__init__.py", line 218, in main
        window.start(arguments)
      File "/usr/lib/python2.7/dist-packages/variety/VarietyWindow.py", line 159, in start
        self.register_clipboard()
      File "/usr/lib/python2.7/dist-packages/variety/VarietyWindow.py", line 341, in register_clipboard
        self.clipboard.connect("owner-change", clipboard_changed)
    AttributeError: 'NoneType' object has no attribute 'connect'

[Fri Jul 23 08:29:11 MDT 2021] :: favorite-wallpaper.sh :: Adding wallpaper '/home/hactar/.config/variety/Downloaded/flickr_user_www_flickr_com_photos_peter_levi__user_id_93647178_N00_/7527830888_584bb95446_o.jpg' to favorites
[Fri Jul 23 08:29:11 MDT 2021] :: select-wallpaper.sh :: Opening wallpaper selector (current: '/home/hactar/.config/variety/Downloaded/flickr_user_www_flickr_com_photos_peter_levi__user_id_93647178_N00_/7527830888_584bb95446_o.jpg')
    Running command 'variety --selector':
    Running command 'variety --favorite':
    /usr/lib/python2.7/dist-packages/requests/__init__.py:80: RequestsDependencyWarning: urllib3 (1.22) or chardet (2.1.1) doesn't match a supported version!
      RequestsDependencyWarning)
    Variety is already running. Sending the command to the running instance.

    /usr/lib/python2.7/dist-packages/requests/__init__.py:80: RequestsDependencyWarning: urllib3 (1.22) or chardet (2.1.1) doesn't match a supported version!
      RequestsDependencyWarning)
    Variety is already running. Sending the command to the running instance.

[Fri Jul 23 08:34:58 MDT 2021] :: favorite-wallpaper.sh :: Adding wallpaper '/usr/share/backgrounds/El_Haouaria_by_Nusi_Nusi.jpg' to favorites
    Running command 'variety --favorite':
    /usr/lib/python2.7/dist-packages/requests/__init__.py:80: RequestsDependencyWarning: urllib3 (1.22) or chardet (2.1.1) doesn't match a supported version!
      RequestsDependencyWarning)
    Variety is already running. Sending the command to the running instance.

